c:\users\yudai\workspace\project\oldboardgames\oldboardgames\x64\release\vc142.pdb
c:\users\yudai\workspace\project\oldboardgames\oldboardgames\x64\release\title.obj
c:\users\yudai\workspace\project\oldboardgames\oldboardgames\x64\release\tcp2.obj
c:\users\yudai\workspace\project\oldboardgames\oldboardgames\x64\release\tcp.obj
c:\users\yudai\workspace\project\oldboardgames\oldboardgames\x64\release\scenemanager.obj
c:\users\yudai\workspace\project\oldboardgames\oldboardgames\x64\release\other.obj
c:\users\yudai\workspace\project\oldboardgames\oldboardgames\x64\release\move.obj
c:\users\yudai\workspace\project\oldboardgames\oldboardgames\x64\release\mancala.obj
c:\users\yudai\workspace\project\oldboardgames\oldboardgames\x64\release\main.obj
c:\users\yudai\workspace\project\oldboardgames\oldboardgames\x64\release\fps.obj
c:\users\yudai\workspace\project\oldboardgames\oldboardgames\x64\release\coinmanager.obj
c:\users\yudai\workspace\project\oldboardgames\oldboardgames\x64\release\coin.obj
c:\users\yudai\workspace\project\oldboardgames\oldboardgames\x64\release\basescene.obj
c:\users\yudai\workspace\project\oldboardgames\x64\release\oldboardgames.exe
c:\users\yudai\workspace\project\oldboardgames\x64\release\oldboardgames.pdb
c:\users\yudai\workspace\project\oldboardgames\x64\release\oldboardgames.ipdb
c:\users\yudai\workspace\project\oldboardgames\x64\release\oldboardgames.iobj
c:\users\yudai\workspace\project\oldboardgames\oldboardgames\x64\release\oldboardgames.tlog\cl.command.1.tlog
c:\users\yudai\workspace\project\oldboardgames\oldboardgames\x64\release\oldboardgames.tlog\cl.read.1.tlog
c:\users\yudai\workspace\project\oldboardgames\oldboardgames\x64\release\oldboardgames.tlog\cl.write.1.tlog
c:\users\yudai\workspace\project\oldboardgames\oldboardgames\x64\release\oldboardgames.tlog\link.command.1.tlog
c:\users\yudai\workspace\project\oldboardgames\oldboardgames\x64\release\oldboardgames.tlog\link.read.1.tlog
c:\users\yudai\workspace\project\oldboardgames\oldboardgames\x64\release\oldboardgames.tlog\link.write.1.tlog
c:\users\yudai\workspace\project\oldboardgames\oldboardgames\x64\release\oldboardgames.tlog\oldboardgames.write.1u.tlog
